<?xml version="1.0" encoding="UTF-8"?>
<testng-results ignored="0" total="1" passed="1" failed="0" skipped="0">
  <reporter-output>
  </reporter-output>
  <suite started-at="2025-02-18T15:15:51 CST" name="Default suite" finished-at="2025-02-18T15:16:02 CST" duration-ms="10304">
    <groups>
      <group name="cucumber">
        <method signature="AbstractTestNGCucumberTests.feature(cucumber.api.testng.CucumberFeatureWrapper)[pri:0, instance:ApplicationTestRunner.Application_Test_Runner@6f15d60e]" name="feature" class="cucumber.api.testng.AbstractTestNGCucumberTests"/>
      </group> <!-- cucumber -->
    </groups>
    <test started-at="2025-02-18T15:15:51 CST" name="Default test" finished-at="2025-02-18T15:16:02 CST" duration-ms="10304">
      <class name="ApplicationTestRunner.Application_Test_Runner">
        <test-method is-config="true" signature="ApplicationStart()[pri:0, instance:ApplicationTestRunner.Application_Test_Runner@6f15d60e]" started-at="2025-02-18T15:15:51 CST" name="ApplicationStart" finished-at="2025-02-18T15:15:54 CST" duration-ms="2683" status="PASS">
          <reporter-output>
          </reporter-output>
        </test-method> <!-- ApplicationStart -->
        <test-method is-config="true" signature="setUpClass()[pri:0, instance:ApplicationTestRunner.Application_Test_Runner@6f15d60e]" started-at="2025-02-18T15:15:54 CST" name="setUpClass" finished-at="2025-02-18T15:15:55 CST" duration-ms="707" status="PASS">
          <reporter-output>
          </reporter-output>
        </test-method> <!-- setUpClass -->
        <test-method signature="feature(cucumber.api.testng.CucumberFeatureWrapper)[pri:0, instance:ApplicationTestRunner.Application_Test_Runner@6f15d60e]" started-at="2025-02-18T15:15:55 CST" name="feature" description="Runs Cucumber Feature" data-provider="features" finished-at="2025-02-18T15:16:01 CST" duration-ms="6254" status="PASS">
          <params>
            <param index="0">
              <value>
                <![CDATA[This is login feature]]>
              </value>
            </param>
          </params>
          <reporter-output>
          </reporter-output>
        </test-method> <!-- feature -->
        <test-method is-config="true" signature="tearDownClass()[pri:0, instance:ApplicationTestRunner.Application_Test_Runner@6f15d60e]" started-at="2025-02-18T15:16:01 CST" name="tearDownClass" finished-at="2025-02-18T15:16:01 CST" duration-ms="15" status="PASS">
          <reporter-output>
          </reporter-output>
        </test-method> <!-- tearDownClass -->
        <test-method is-config="true" signature="ApplicationClose()[pri:0, instance:ApplicationTestRunner.Application_Test_Runner@6f15d60e]" started-at="2025-02-18T15:16:01 CST" name="ApplicationClose" finished-at="2025-02-18T15:16:02 CST" duration-ms="489" status="PASS">
          <reporter-output>
          </reporter-output>
        </test-method> <!-- ApplicationClose -->
      </class> <!-- ApplicationTestRunner.Application_Test_Runner -->
    </test> <!-- Default test -->
  </suite> <!-- Default suite -->
</testng-results>
